Arguments: 
  /usr/local/bin/node /opt/yarn-v1.22.0/bin/yarn.js

PATH: 
  /usr/local/sbin:/usr/local/bin:/usr/sbin:/usr/bin:/sbin:/bin

Yarn version: 
  1.22.0

Node version: 
  13.10.1

Platform: 
  linux x64

Trace: 
  Error: EPERM: operation not permitted, lstat '/home/node/app/node_modules/iconv-lite/encodings/dbcs-codec.js'

npm manifest: 
  {
      "name": "server",
      "version": "1.0.0",
      "main": "app.js",
      "license": "MIT",
      "private": true,
      "scripts": {
          "start": "nodemon app.js"
      },
      "dependencies": {
          "bcrypt": "^4.0.1",
          "cors": "^2.8.5",
          "express": "^4.17.1",
          "generate-password": "^1.5.1",
          "global": "^4.4.0",
          "jsonwebtoken": "^8.5.1",
          "mongoose": "^5.9.16",
          "morgan": "^1.10.0",
          "nodemailer": "^6.4.6",
          "pg": "^8.2.1",
          "pg-hstore": "^2.3.3",
          "sequelize": "^5.21.11",
          "sequelize-cli": "^6.0.0",
          "uuid": "^8.2.0"
      },
      "devDependencies": {
          "eslint-plugin-node": "^11.1.0",
          "nodemon": "^2.0.4"
      }
  }

yarn manifest: 
  No manifest

Lockfile: 
  No lockfile
